
**** 03/01/14 12:07:46 *********** Evaluation PSpice (Nov 1999) **************

 * C:\Users\manojg\Dropbox\EMI_Sense_Design_project\PSpice_simulations\ver1.5\Schematic5.sch


 ****     CIRCUIT DESCRIPTION


******************************************************************************




* Schematics Version 9.1 - Web Update 1
* Sat Mar 01 11:39:05 2014



** Analysis setup **
.ac LIN 101 10 100.00K
.OP 


* From [PSPICE NETLIST] section of pspiceev.ini:
.lib "nom.lib"

.INC "Schematic5.net"

**** INCLUDING Schematic5.net ****
* Schematics Netlist *



C_C1         $N_0001 $N_0002  .1u  
V_V2         $N_0001 0 DC 0V AC 10 
R_R1         0 $N_0002  300  
C_C4         $N_0002 $N_0003  .1u  
R_R9         0 $N_0003  300  
C_C5         $N_0003 $N_0004  .1u  
R_R10         0 $N_0004  300  
C_C6         $N_0004 $N_0005  .1u  
R_R11         0 $N_0005  300  

**** RESUMING Schematic5.cir ****
.INC "Schematic5.als"



**** INCLUDING Schematic5.als ****
* Schematics Aliases *

.ALIASES
C_C1            C1(1=$N_0001 2=$N_0002 )
V_V2            V2(+=$N_0001 -=0 )
R_R1            R1(1=0 2=$N_0002 )
C_C4            C4(1=$N_0002 2=$N_0003 )
R_R9            R9(1=0 2=$N_0003 )
C_C5            C5(1=$N_0003 2=$N_0004 )
R_R10           R10(1=0 2=$N_0004 )
C_C6            C6(1=$N_0004 2=$N_0005 )
R_R11           R11(1=0 2=$N_0005 )
.ENDALIASES


**** RESUMING Schematic5.cir ****
.probe


.END

**** 03/01/14 12:07:46 *********** Evaluation PSpice (Nov 1999) **************

 * C:\Users\manojg\Dropbox\EMI_Sense_Design_project\PSpice_simulations\ver1.5\Schematic5.sch


 ****     SMALL SIGNAL BIAS SOLUTION       TEMPERATURE =   27.000 DEG C


******************************************************************************



 NODE   VOLTAGE     NODE   VOLTAGE     NODE   VOLTAGE     NODE   VOLTAGE


($N_0001)    0.0000                   ($N_0002)    0.0000                       

($N_0003)    0.0000                   ($N_0004)    0.0000                       

($N_0005)    0.0000                   




    VOLTAGE SOURCE CURRENTS
    NAME         CURRENT

    V_V2         0.000E+00

    TOTAL POWER DISSIPATION   0.00E+00  WATTS


**** 03/01/14 12:07:46 *********** Evaluation PSpice (Nov 1999) **************

 * C:\Users\manojg\Dropbox\EMI_Sense_Design_project\PSpice_simulations\ver1.5\Schematic5.sch


 ****     OPERATING POINT INFORMATION      TEMPERATURE =   27.000 DEG C


******************************************************************************





          JOB CONCLUDED

          TOTAL JOB TIME             .02
