
**** 03/01/14 10:51:20 *********** Evaluation PSpice (Nov 1999) **************

 * C:\Users\manojg\Dropbox\EMI_Sense_Design_project\PSpice_simulations\ver1.5\Schematic3.sch


 ****     CIRCUIT DESCRIPTION


******************************************************************************




* Schematics Version 9.1 - Web Update 1
* Sat Mar 01 10:51:06 2014



** Analysis setup **
.ac LIN 101 10 500.00K
.OP 


* From [PSPICE NETLIST] section of pspiceev.ini:
.lib "nom.lib"

.INC "Schematic3.net"

**** INCLUDING Schematic3.net ****
* Schematics Netlist *



C_C1         $N_0001 $N_0002  .1u  
R_R4         $N_0002 $N_0003  75  
R_R7         $N_0005 $N_0004  75  
C_C3         $N_0006 $N_0005  .1u  
V_V2         $N_0001 0 DC 0V AC 10 
V_V3         0 $N_0006 DC 0V AC 10 
R_R6         $N_0005 0  300  
R_R8         $N_0004 0  58  
R_R5         0 $N_0003  58  
R_R1         0 $N_0002  300  

**** RESUMING Schematic3.cir ****
.INC "Schematic3.als"



**** INCLUDING Schematic3.als ****
* Schematics Aliases *

.ALIASES
C_C1            C1(1=$N_0001 2=$N_0002 )
R_R4            R4(1=$N_0002 2=$N_0003 )
R_R7            R7(1=$N_0005 2=$N_0004 )
C_C3            C3(1=$N_0006 2=$N_0005 )
V_V2            V2(+=$N_0001 -=0 )
V_V3            V3(+=0 -=$N_0006 )
R_R6            R6(1=$N_0005 2=0 )
R_R8            R8(1=$N_0004 2=0 )
R_R5            R5(1=0 2=$N_0003 )
R_R1            R1(1=0 2=$N_0002 )
.ENDALIASES


**** RESUMING Schematic3.cir ****
.probe


.END

**** 03/01/14 10:51:20 *********** Evaluation PSpice (Nov 1999) **************

 * C:\Users\manojg\Dropbox\EMI_Sense_Design_project\PSpice_simulations\ver1.5\Schematic3.sch


 ****     SMALL SIGNAL BIAS SOLUTION       TEMPERATURE =   27.000 DEG C


******************************************************************************



 NODE   VOLTAGE     NODE   VOLTAGE     NODE   VOLTAGE     NODE   VOLTAGE


($N_0001)    0.0000                   ($N_0002)    0.0000                       

($N_0003)    0.0000                   ($N_0004)    0.0000                       

($N_0005)    0.0000                   ($N_0006)    0.0000                   




    VOLTAGE SOURCE CURRENTS
    NAME         CURRENT

    V_V2         0.000E+00
    V_V3         0.000E+00

    TOTAL POWER DISSIPATION   0.00E+00  WATTS


**** 03/01/14 10:51:20 *********** Evaluation PSpice (Nov 1999) **************

 * C:\Users\manojg\Dropbox\EMI_Sense_Design_project\PSpice_simulations\ver1.5\Schematic3.sch


 ****     OPERATING POINT INFORMATION      TEMPERATURE =   27.000 DEG C


******************************************************************************





          JOB CONCLUDED

          TOTAL JOB TIME            0.00
