
**** 03/01/14 12:08:00 *********** Evaluation PSpice (Nov 1999) **************

 * C:\Users\manojg\Dropbox\EMI_Sense_Design_project\PSpice_simulations\ver1.5\Schematic4.sch


 ****     CIRCUIT DESCRIPTION


******************************************************************************




* Schematics Version 9.1 - Web Update 1
* Sat Mar 01 11:03:03 2014



** Analysis setup **
.ac LIN 101 10 500.00K
.OP 


* From [PSPICE NETLIST] section of pspiceev.ini:
.lib "nom.lib"

.INC "Schematic4.net"

**** INCLUDING Schematic4.net ****
* Schematics Netlist *



C_C1         $N_0001 $N_0002  .1u  
V_V2         $N_0001 0 DC 0V AC 10 
R_R5         0 $N_0003  58  
R_R1         0 $N_0002  300  
R_R4         $N_0002 $N_0003  75  

**** RESUMING Schematic4.cir ****
.INC "Schematic4.als"



**** INCLUDING Schematic4.als ****
* Schematics Aliases *

.ALIASES
C_C1            C1(1=$N_0001 2=$N_0002 )
V_V2            V2(+=$N_0001 -=0 )
R_R5            R5(1=0 2=$N_0003 )
R_R1            R1(1=0 2=$N_0002 )
R_R4            R4(1=$N_0002 2=$N_0003 )
.ENDALIASES


**** RESUMING Schematic4.cir ****
.probe


.END

**** 03/01/14 12:08:00 *********** Evaluation PSpice (Nov 1999) **************

 * C:\Users\manojg\Dropbox\EMI_Sense_Design_project\PSpice_simulations\ver1.5\Schematic4.sch


 ****     SMALL SIGNAL BIAS SOLUTION       TEMPERATURE =   27.000 DEG C


******************************************************************************



 NODE   VOLTAGE     NODE   VOLTAGE     NODE   VOLTAGE     NODE   VOLTAGE


($N_0001)    0.0000                   ($N_0002)    0.0000                       

($N_0003)    0.0000                   




    VOLTAGE SOURCE CURRENTS
    NAME         CURRENT

    V_V2         0.000E+00

    TOTAL POWER DISSIPATION   0.00E+00  WATTS


**** 03/01/14 12:08:00 *********** Evaluation PSpice (Nov 1999) **************

 * C:\Users\manojg\Dropbox\EMI_Sense_Design_project\PSpice_simulations\ver1.5\Schematic4.sch


 ****     OPERATING POINT INFORMATION      TEMPERATURE =   27.000 DEG C


******************************************************************************





          JOB CONCLUDED

          TOTAL JOB TIME            0.00
