
**** 01/29/14 12:35:15 *********** Evaluation PSpice (Nov 1999) **************

 * C:\Users\manojg\Dropbox\EMI_Sense_Design_project\PSpice_simulations\ver1.2\Filter_ver1.2.sch


 ****     CIRCUIT DESCRIPTION


******************************************************************************




* Schematics Version 9.1 - Web Update 1
* Wed Jan 29 12:35:15 2014



** Analysis setup **
.ac LIN 101 10 500.00K
.OP 


* From [PSPICE NETLIST] section of pspiceev.ini:
.lib "nom.lib"

.INC "Filter_ver1.2.net"

**** INCLUDING Filter_ver1.2.net ****
* Schematics Netlist *



C_C1         $N_0001 $N_0002  .1uF  
C_C2         $N_0003 0  .1uF  
R_R1         0 $N_0002  100  
V_V1         $N_0001 0 DC 0V AC 115V 
V_V3         0 $N_0003 DC 0V AC 115V 

**** RESUMING Filter_ver1.2.cir ****
.INC "Filter_ver1.2.als"



**** INCLUDING Filter_ver1.2.als ****
* Schematics Aliases *

.ALIASES
C_C1            C1(1=$N_0001 2=$N_0002 )
C_C2            C2(1=$N_0003 2=0 )
R_R1            R1(1=0 2=$N_0002 )
V_V1            V1(+=$N_0001 -=0 )
V_V3            V3(+=0 -=$N_0003 )
.ENDALIASES


**** RESUMING Filter_ver1.2.cir ****
.probe


.END

**** 01/29/14 12:35:15 *********** Evaluation PSpice (Nov 1999) **************

 * C:\Users\manojg\Dropbox\EMI_Sense_Design_project\PSpice_simulations\ver1.2\Filter_ver1.2.sch


 ****     SMALL SIGNAL BIAS SOLUTION       TEMPERATURE =   27.000 DEG C


******************************************************************************



 NODE   VOLTAGE     NODE   VOLTAGE     NODE   VOLTAGE     NODE   VOLTAGE


($N_0001)    0.0000                   ($N_0002)    0.0000                       

($N_0003)    0.0000                   




    VOLTAGE SOURCE CURRENTS
    NAME         CURRENT

    V_V1         0.000E+00
    V_V3         0.000E+00

    TOTAL POWER DISSIPATION   0.00E+00  WATTS


**** 01/29/14 12:35:15 *********** Evaluation PSpice (Nov 1999) **************

 * C:\Users\manojg\Dropbox\EMI_Sense_Design_project\PSpice_simulations\ver1.2\Filter_ver1.2.sch


 ****     OPERATING POINT INFORMATION      TEMPERATURE =   27.000 DEG C


******************************************************************************





          JOB CONCLUDED

          TOTAL JOB TIME             .02
