
**** 02/04/14 15:22:34 *********** Evaluation PSpice (Nov 1999) **************

 * C:\Users\Omkar\Dropbox\EMI_Sense_Design_project\PSpice_simulations\ver1.2\Filter_ver1.4.sch


 ****     CIRCUIT DESCRIPTION


******************************************************************************




* Schematics Version 9.1 - Web Update 1
* Mon Feb 03 23:39:49 2014



** Analysis setup **
.ac LIN 101 10 500.00K
.OP 


* From [PSPICE NETLIST] section of pspiceev.ini:
.lib "nom.lib"

.INC "Filter_ver1.4.net"

**** INCLUDING Filter_ver1.4.net ****
* Schematics Netlist *



C_C1         $N_0001 $N_0002  .1uF  
R_R1         0 $N_0002  100  
C_C2         $N_0003 0  .1uF  
V_V4         $N_0001 0 DC 0V AC 115V 
V_V5         0 $N_0003 DC 0V AC 115V 
R_R2         $N_0004 $N_0002  68  
R_R3         0 $N_0004  71  

**** RESUMING Filter_ver1.4.cir ****
.INC "Filter_ver1.4.als"



**** INCLUDING Filter_ver1.4.als ****
* Schematics Aliases *

.ALIASES
C_C1            C1(1=$N_0001 2=$N_0002 )
R_R1            R1(1=0 2=$N_0002 )
C_C2            C2(1=$N_0003 2=0 )
V_V4            V4(+=$N_0001 -=0 )
V_V5            V5(+=0 -=$N_0003 )
R_R2            R2(1=$N_0004 2=$N_0002 )
R_R3            R3(1=0 2=$N_0004 )
.ENDALIASES


**** RESUMING Filter_ver1.4.cir ****
.probe


.END

**** 02/04/14 15:22:34 *********** Evaluation PSpice (Nov 1999) **************

 * C:\Users\Omkar\Dropbox\EMI_Sense_Design_project\PSpice_simulations\ver1.2\Filter_ver1.4.sch


 ****     SMALL SIGNAL BIAS SOLUTION       TEMPERATURE =   27.000 DEG C


******************************************************************************



 NODE   VOLTAGE     NODE   VOLTAGE     NODE   VOLTAGE     NODE   VOLTAGE


($N_0001)    0.0000                   ($N_0002)    0.0000                       

($N_0003)    0.0000                   ($N_0004)    0.0000                   




    VOLTAGE SOURCE CURRENTS
    NAME         CURRENT

    V_V4         0.000E+00
    V_V5         0.000E+00

    TOTAL POWER DISSIPATION   0.00E+00  WATTS


**** 02/04/14 15:22:34 *********** Evaluation PSpice (Nov 1999) **************

 * C:\Users\Omkar\Dropbox\EMI_Sense_Design_project\PSpice_simulations\ver1.2\Filter_ver1.4.sch


 ****     OPERATING POINT INFORMATION      TEMPERATURE =   27.000 DEG C


******************************************************************************





          JOB CONCLUDED

          TOTAL JOB TIME             .02
