
**** 02/18/14 19:43:15 *********** Evaluation PSpice (Nov 1999) **************

 * C:\Users\manojg\Dropbox\EMI_Sense_Design_project\PSpice_simulations\Filter_ver1.1.sch


 ****     CIRCUIT DESCRIPTION


******************************************************************************




* Schematics Version 9.1 - Web Update 1
* Wed Jan 29 12:04:50 2014



** Analysis setup **
.ac LIN 101 10 250.00K
.tran 0ns 1000ns
.OP 
.STMLIB "Filter_ver1.1.stl"


* From [PSPICE NETLIST] section of pspiceev.ini:
.lib "nom.lib"

.INC "Filter_ver1.1.net"

**** INCLUDING Filter_ver1.1.net ****
* Schematics Netlist *



R_R1         0 $N_0001  100  
C_C1         $N_0002 $N_0001  .1uF  
V_V3         $N_0002 0 DC 0V AC 230V 

**** RESUMING Filter_ver1.1.cir ****
.INC "Filter_ver1.1.als"



**** INCLUDING Filter_ver1.1.als ****
* Schematics Aliases *

.ALIASES
R_R1            R1(1=0 2=$N_0001 )
C_C1            C1(1=$N_0002 2=$N_0001 )
V_V3            V3(+=$N_0002 -=0 )
.ENDALIASES


**** RESUMING Filter_ver1.1.cir ****
.probe


.END

**** 02/18/14 19:43:15 *********** Evaluation PSpice (Nov 1999) **************

 * C:\Users\manojg\Dropbox\EMI_Sense_Design_project\PSpice_simulations\Filter_ver1.1.sch


 ****     SMALL SIGNAL BIAS SOLUTION       TEMPERATURE =   27.000 DEG C


******************************************************************************



 NODE   VOLTAGE     NODE   VOLTAGE     NODE   VOLTAGE     NODE   VOLTAGE


($N_0001)    0.0000                   ($N_0002)    0.0000                   




    VOLTAGE SOURCE CURRENTS
    NAME         CURRENT

    V_V3         0.000E+00

    TOTAL POWER DISSIPATION   0.00E+00  WATTS


**** 02/18/14 19:43:15 *********** Evaluation PSpice (Nov 1999) **************

 * C:\Users\manojg\Dropbox\EMI_Sense_Design_project\PSpice_simulations\Filter_ver1.1.sch


 ****     OPERATING POINT INFORMATION      TEMPERATURE =   27.000 DEG C


******************************************************************************




**** 02/18/14 19:43:15 *********** Evaluation PSpice (Nov 1999) **************

 * C:\Users\manojg\Dropbox\EMI_Sense_Design_project\PSpice_simulations\Filter_ver1.1.sch


 ****     INITIAL TRANSIENT SOLUTION       TEMPERATURE =   27.000 DEG C


******************************************************************************



 NODE   VOLTAGE     NODE   VOLTAGE     NODE   VOLTAGE     NODE   VOLTAGE


($N_0001)    0.0000                   ($N_0002)    0.0000                   




    VOLTAGE SOURCE CURRENTS
    NAME         CURRENT

    V_V3         0.000E+00

    TOTAL POWER DISSIPATION   0.00E+00  WATTS



          JOB CONCLUDED

          TOTAL JOB TIME             .03
