
**** 03/03/14 21:50:52 *********** Evaluation PSpice (Nov 1999) **************

 * C:\Users\manojg\Dropbox\EMI_Sense_Design_project\PSpice_simulations\ver1.6\Differential_filter(680Vpp).sch


 ****     CIRCUIT DESCRIPTION


******************************************************************************




* Schematics Version 9.1 - Web Update 1
* Mon Mar 03 21:50:52 2014



** Analysis setup **
.ac LIN 101 10 400.00K
.OP 


* From [PSPICE NETLIST] section of pspiceev.ini:
.lib "nom.lib"

.INC "Differential_filter(680Vpp).net"

**** INCLUDING Differential_filter(680Vpp).net ****
* Schematics Netlist *



V_V1         $N_0001 0 DC 0V AC 340V 
V_V2         0 $N_0002 DC 0V AC 340V 
C_C1         $N_0001 $N_0003  0.1u  
R_R5         0 $N_0003  50  
R_R6         $N_0004 0  50  
R_R4         0 $N_0005  50  
R_R2         $N_0004 $N_0003  75  
R_R1         $N_0005 0  50  
C_C2         $N_0002 $N_0005  0.1u  

**** RESUMING Differential_filter(680Vpp).cir ****
.INC "Differential_filter(680Vpp).als"



**** INCLUDING Differential_filter(680Vpp).als ****
* Schematics Aliases *

.ALIASES
V_V1            V1(+=$N_0001 -=0 )
V_V2            V2(+=0 -=$N_0002 )
C_C1            C1(1=$N_0001 2=$N_0003 )
R_R5            R5(1=0 2=$N_0003 )
R_R6            R6(1=$N_0004 2=0 )
R_R4            R4(1=0 2=$N_0005 )
R_R2            R2(1=$N_0004 2=$N_0003 )
R_R1            R1(1=$N_0005 2=0 )
C_C2            C2(1=$N_0002 2=$N_0005 )
.ENDALIASES


**** RESUMING Differential_filter(680Vpp).cir ****
.probe


.END

**** 03/03/14 21:50:52 *********** Evaluation PSpice (Nov 1999) **************

 * C:\Users\manojg\Dropbox\EMI_Sense_Design_project\PSpice_simulations\ver1.6\Differential_filter(680Vpp).sch


 ****     SMALL SIGNAL BIAS SOLUTION       TEMPERATURE =   27.000 DEG C


******************************************************************************



 NODE   VOLTAGE     NODE   VOLTAGE     NODE   VOLTAGE     NODE   VOLTAGE


($N_0001)    0.0000                   ($N_0002)    0.0000                       

($N_0003)    0.0000                   ($N_0004)    0.0000                       

($N_0005)    0.0000                   




    VOLTAGE SOURCE CURRENTS
    NAME         CURRENT

    V_V1         0.000E+00
    V_V2         0.000E+00

    TOTAL POWER DISSIPATION   0.00E+00  WATTS


**** 03/03/14 21:50:52 *********** Evaluation PSpice (Nov 1999) **************

 * C:\Users\manojg\Dropbox\EMI_Sense_Design_project\PSpice_simulations\ver1.6\Differential_filter(680Vpp).sch


 ****     OPERATING POINT INFORMATION      TEMPERATURE =   27.000 DEG C


******************************************************************************





          JOB CONCLUDED

          TOTAL JOB TIME             .02
