
**** 03/02/14 15:18:23 *********** Evaluation PSpice (Nov 1999) **************

 * C:\Users\manojg\Dropbox\EMI_Sense_Design_project\PSpice_simulations\ver1.6\Schematic1.sch


 ****     CIRCUIT DESCRIPTION


******************************************************************************




* Schematics Version 9.1 - Web Update 1
* Sun Mar 02 15:18:22 2014



** Analysis setup **
.ac LIN 101 10 100.00K
.OP 


* From [PSPICE NETLIST] section of pspiceev.ini:
.lib "nom.lib"

.INC "Schematic1.net"

**** INCLUDING Schematic1.net ****
* Schematics Netlist *



V_V1         $N_0001 0 DC 0V AC 10V 
C_C1         $N_0001 $N_0002  0.1uf  
R_R2         $N_0002 $N_0003  50  
R_R1         0 $N_0002  100  
R_R3         0 $N_0003  100  

**** RESUMING Schematic1.cir ****
.INC "Schematic1.als"



**** INCLUDING Schematic1.als ****
* Schematics Aliases *

.ALIASES
V_V1            V1(+=$N_0001 -=0 )
C_C1            C1(1=$N_0001 2=$N_0002 )
R_R2            R2(1=$N_0002 2=$N_0003 )
R_R1            R1(1=0 2=$N_0002 )
R_R3            R3(1=0 2=$N_0003 )
.ENDALIASES


**** RESUMING Schematic1.cir ****
.probe


.END

**** 03/02/14 15:18:23 *********** Evaluation PSpice (Nov 1999) **************

 * C:\Users\manojg\Dropbox\EMI_Sense_Design_project\PSpice_simulations\ver1.6\Schematic1.sch


 ****     SMALL SIGNAL BIAS SOLUTION       TEMPERATURE =   27.000 DEG C


******************************************************************************



 NODE   VOLTAGE     NODE   VOLTAGE     NODE   VOLTAGE     NODE   VOLTAGE


($N_0001)    0.0000                   ($N_0002)    0.0000                       

($N_0003)    0.0000                   




    VOLTAGE SOURCE CURRENTS
    NAME         CURRENT

    V_V1         0.000E+00

    TOTAL POWER DISSIPATION   0.00E+00  WATTS


**** 03/02/14 15:18:23 *********** Evaluation PSpice (Nov 1999) **************

 * C:\Users\manojg\Dropbox\EMI_Sense_Design_project\PSpice_simulations\ver1.6\Schematic1.sch


 ****     OPERATING POINT INFORMATION      TEMPERATURE =   27.000 DEG C


******************************************************************************





          JOB CONCLUDED

          TOTAL JOB TIME             .02
