
**** 02/22/14 11:21:51 *********** Evaluation PSpice (Nov 1999) **************

 * C:\Users\manojg\Dropbox\EMI_Sense_Design_project\PSpice_simulations\ver1.4\FLT_10_Final.sch


 ****     CIRCUIT DESCRIPTION


******************************************************************************




* Schematics Version 9.1 - Web Update 1
* Sat Feb 22 11:21:51 2014



** Analysis setup **
.ac LIN 101 10 350.00K
.OP 


* From [PSPICE NETLIST] section of pspiceev.ini:
.lib "nom.lib"

.INC "FLT_10_Final.net"

**** INCLUDING FLT_10_Final.net ****
* Schematics Netlist *



C_C1         0 $N_0001  .1uF  
R_R1         0 $N_0001  200  
R_R16         $N_0002 0  200  
R_R17         $N_0001 $N_0003  50  
R_R20         $N_0004 $N_0002  50  
R_R18         0 $N_0003  50  
C_C5         0 $N_0002  .1uF  
R_R19         $N_0004 0  50  
I_I4         0 $N_0004 DC 0A AC 1A 
I_I3         $N_0003 0 DC 0A AC 1A 

**** RESUMING FLT_10_Final.cir ****
.INC "FLT_10_Final.als"



**** INCLUDING FLT_10_Final.als ****
* Schematics Aliases *

.ALIASES
C_C1            C1(1=0 2=$N_0001 )
R_R1            R1(1=0 2=$N_0001 )
R_R16           R16(1=$N_0002 2=0 )
R_R17           R17(1=$N_0001 2=$N_0003 )
R_R20           R20(1=$N_0004 2=$N_0002 )
R_R18           R18(1=0 2=$N_0003 )
C_C5            C5(1=0 2=$N_0002 )
R_R19           R19(1=$N_0004 2=0 )
I_I4            I4(+=0 -=$N_0004 )
I_I3            I3(+=$N_0003 -=0 )
.ENDALIASES


**** RESUMING FLT_10_Final.cir ****
.probe


.END

**** 02/22/14 11:21:51 *********** Evaluation PSpice (Nov 1999) **************

 * C:\Users\manojg\Dropbox\EMI_Sense_Design_project\PSpice_simulations\ver1.4\FLT_10_Final.sch


 ****     SMALL SIGNAL BIAS SOLUTION       TEMPERATURE =   27.000 DEG C


******************************************************************************



 NODE   VOLTAGE     NODE   VOLTAGE     NODE   VOLTAGE     NODE   VOLTAGE


($N_0001)    0.0000                   ($N_0002)    0.0000                       

($N_0003)    0.0000                   ($N_0004)    0.0000                   




    VOLTAGE SOURCE CURRENTS
    NAME         CURRENT


    TOTAL POWER DISSIPATION   0.00E+00  WATTS


**** 02/22/14 11:21:51 *********** Evaluation PSpice (Nov 1999) **************

 * C:\Users\manojg\Dropbox\EMI_Sense_Design_project\PSpice_simulations\ver1.4\FLT_10_Final.sch


 ****     OPERATING POINT INFORMATION      TEMPERATURE =   27.000 DEG C


******************************************************************************





          JOB CONCLUDED

          TOTAL JOB TIME             .02
