
**** 02/21/14 22:14:28 *********** Evaluation PSpice (Nov 1999) **************

 * C:\Users\Omkar\Dropbox\EMI_Sense_Design_project\PSpice_simulations\ver1.4\FLT_1.sch


 ****     CIRCUIT DESCRIPTION


******************************************************************************




* Schematics Version 9.1 - Web Update 1
* Fri Feb 21 22:14:27 2014



** Analysis setup **
.ac LIN 101 10 350.00K
.OP 


* From [PSPICE NETLIST] section of pspiceev.ini:
.lib "nom.lib"

.INC "FLT_1.net"

**** INCLUDING FLT_1.net ****
* Schematics Netlist *



C_C1         $N_0001 $N_0002  .1uF  
V_V4         $N_0001 0 DC 0V AC 10V 
R_R1         0 $N_0002  50  

**** RESUMING FLT_1.cir ****
.INC "FLT_1.als"



**** INCLUDING FLT_1.als ****
* Schematics Aliases *

.ALIASES
C_C1            C1(1=$N_0001 2=$N_0002 )
V_V4            V4(+=$N_0001 -=0 )
R_R1            R1(1=0 2=$N_0002 )
.ENDALIASES


**** RESUMING FLT_1.cir ****
.probe


.END

**** 02/21/14 22:14:28 *********** Evaluation PSpice (Nov 1999) **************

 * C:\Users\Omkar\Dropbox\EMI_Sense_Design_project\PSpice_simulations\ver1.4\FLT_1.sch


 ****     SMALL SIGNAL BIAS SOLUTION       TEMPERATURE =   27.000 DEG C


******************************************************************************



 NODE   VOLTAGE     NODE   VOLTAGE     NODE   VOLTAGE     NODE   VOLTAGE


($N_0001)    0.0000                   ($N_0002)    0.0000                   




    VOLTAGE SOURCE CURRENTS
    NAME         CURRENT

    V_V4         0.000E+00

    TOTAL POWER DISSIPATION   0.00E+00  WATTS


**** 02/21/14 22:14:28 *********** Evaluation PSpice (Nov 1999) **************

 * C:\Users\Omkar\Dropbox\EMI_Sense_Design_project\PSpice_simulations\ver1.4\FLT_1.sch


 ****     OPERATING POINT INFORMATION      TEMPERATURE =   27.000 DEG C


******************************************************************************





          JOB CONCLUDED

          TOTAL JOB TIME             .02
