
**** 02/21/14 22:42:25 *********** Evaluation PSpice (Nov 1999) **************

 * C:\Users\Omkar\Dropbox\EMI_Sense_Design_project\PSpice_simulations\ver1.4\FLT_4.sch


 ****     CIRCUIT DESCRIPTION


******************************************************************************




* Schematics Version 9.1 - Web Update 1
* Fri Feb 21 22:42:25 2014



** Analysis setup **
.ac LIN 101 10 350.00K
.OP 


* From [PSPICE NETLIST] section of pspiceev.ini:
.lib "nom.lib"

.INC "FLT_4.net"

**** INCLUDING FLT_4.net ****
* Schematics Netlist *



R_R1         0 $N_0001  50  
R_R5         $N_0002 0  50  
C_C3         0 $N_0002  .1uF  
C_C1         $N_0003 $N_0001  .1uF  
V_V4         $N_0003 0 DC 0V AC 10V 

**** RESUMING FLT_4.cir ****
.INC "FLT_4.als"



**** INCLUDING FLT_4.als ****
* Schematics Aliases *

.ALIASES
R_R1            R1(1=0 2=$N_0001 )
R_R5            R5(1=$N_0002 2=0 )
C_C3            C3(1=0 2=$N_0002 )
C_C1            C1(1=$N_0003 2=$N_0001 )
V_V4            V4(+=$N_0003 -=0 )
.ENDALIASES


**** RESUMING FLT_4.cir ****
.probe


.END

**** 02/21/14 22:42:25 *********** Evaluation PSpice (Nov 1999) **************

 * C:\Users\Omkar\Dropbox\EMI_Sense_Design_project\PSpice_simulations\ver1.4\FLT_4.sch


 ****     SMALL SIGNAL BIAS SOLUTION       TEMPERATURE =   27.000 DEG C


******************************************************************************



 NODE   VOLTAGE     NODE   VOLTAGE     NODE   VOLTAGE     NODE   VOLTAGE


($N_0001)    0.0000                   ($N_0002)    0.0000                       

($N_0003)    0.0000                   




    VOLTAGE SOURCE CURRENTS
    NAME         CURRENT

    V_V4         0.000E+00

    TOTAL POWER DISSIPATION   0.00E+00  WATTS


**** 02/21/14 22:42:25 *********** Evaluation PSpice (Nov 1999) **************

 * C:\Users\Omkar\Dropbox\EMI_Sense_Design_project\PSpice_simulations\ver1.4\FLT_4.sch


 ****     OPERATING POINT INFORMATION      TEMPERATURE =   27.000 DEG C


******************************************************************************





          JOB CONCLUDED

          TOTAL JOB TIME             .06
