
**** 02/25/14 22:55:44 *********** Evaluation PSpice (Nov 1999) **************

 * C:\Users\manojg\Dropbox\EMI_Sense_Design_project\PSpice_simulations\ver1.4\Schematic1.sch


 ****     CIRCUIT DESCRIPTION


******************************************************************************




* Schematics Version 9.1 - Web Update 1
* Tue Feb 25 22:55:26 2014



** Analysis setup **
.ac LIN 101 10 1.00K
.tran 10ms 100s
.OP 


* From [PSPICE NETLIST] section of pspiceev.ini:
.lib "nom.lib"

.INC "Schematic1.net"

**** INCLUDING Schematic1.net ****
* Schematics Netlist *



R_R2         $N_0002 $N_0001  10  
L_L1         $N_0001 0  10uH  
V_V3         $N_0002 0 DC 0V AC 10V 

**** RESUMING Schematic1.cir ****
.INC "Schematic1.als"



**** INCLUDING Schematic1.als ****
* Schematics Aliases *

.ALIASES
R_R2            R2(1=$N_0002 2=$N_0001 )
L_L1            L1(1=$N_0001 2=0 )
V_V3            V3(+=$N_0002 -=0 )
.ENDALIASES


**** RESUMING Schematic1.cir ****
.probe


.END

**** 02/25/14 22:55:44 *********** Evaluation PSpice (Nov 1999) **************

 * C:\Users\manojg\Dropbox\EMI_Sense_Design_project\PSpice_simulations\ver1.4\Schematic1.sch


 ****     SMALL SIGNAL BIAS SOLUTION       TEMPERATURE =   27.000 DEG C


******************************************************************************



 NODE   VOLTAGE     NODE   VOLTAGE     NODE   VOLTAGE     NODE   VOLTAGE


($N_0001)    0.0000                   ($N_0002)    0.0000                   




    VOLTAGE SOURCE CURRENTS
    NAME         CURRENT

    V_V3         0.000E+00

    TOTAL POWER DISSIPATION   0.00E+00  WATTS


**** 02/25/14 22:55:44 *********** Evaluation PSpice (Nov 1999) **************

 * C:\Users\manojg\Dropbox\EMI_Sense_Design_project\PSpice_simulations\ver1.4\Schematic1.sch


 ****     OPERATING POINT INFORMATION      TEMPERATURE =   27.000 DEG C


******************************************************************************




**** 02/25/14 22:55:44 *********** Evaluation PSpice (Nov 1999) **************

 * C:\Users\manojg\Dropbox\EMI_Sense_Design_project\PSpice_simulations\ver1.4\Schematic1.sch


 ****     INITIAL TRANSIENT SOLUTION       TEMPERATURE =   27.000 DEG C


******************************************************************************



 NODE   VOLTAGE     NODE   VOLTAGE     NODE   VOLTAGE     NODE   VOLTAGE


($N_0001)    0.0000                   ($N_0002)    0.0000                   




    VOLTAGE SOURCE CURRENTS
    NAME         CURRENT

    V_V3         0.000E+00

    TOTAL POWER DISSIPATION   0.00E+00  WATTS



          JOB CONCLUDED

          TOTAL JOB TIME             .05
