
**** 02/19/14 00:31:15 *********** Evaluation PSpice (Nov 1999) **************

 * C:\Users\manojg\Dropbox\EMI_Sense_Design_project\PSpice_simulations\ver1.3\Schematic5.sch


 ****     CIRCUIT DESCRIPTION


******************************************************************************




* Schematics Version 9.1 - Web Update 1
* Wed Feb 19 00:31:14 2014



** Analysis setup **
.ac LIN 101 1K 500.00K
.OP 


* From [PSPICE NETLIST] section of pspiceev.ini:
.lib "nom.lib"

.INC "Schematic5.net"

**** INCLUDING Schematic5.net ****
* Schematics Netlist *



R_R5         0 $N_0001  29.075  
C_C3         0 $N_0002  42p  
C_C4         $N_0001 0  42p  
C_C5         $N_0003 0  42p  
R_R4         $N_0003 0  29.075  
V_V1         $N_0004 0 DC 0V AC 10V 
R_R6         $N_0004 $N_0002  50  
C_C1         $N_0002 $N_0001  .1u  
C_C2         0 $N_0003  .1u  

**** RESUMING Schematic5.cir ****
.INC "Schematic5.als"



**** INCLUDING Schematic5.als ****
* Schematics Aliases *

.ALIASES
R_R5            R5(1=0 2=$N_0001 )
C_C3            C3(1=0 2=$N_0002 )
C_C4            C4(1=$N_0001 2=0 )
C_C5            C5(1=$N_0003 2=0 )
R_R4            R4(1=$N_0003 2=0 )
V_V1            V1(+=$N_0004 -=0 )
R_R6            R6(1=$N_0004 2=$N_0002 )
C_C1            C1(1=$N_0002 2=$N_0001 )
C_C2            C2(1=0 2=$N_0003 )
.ENDALIASES


**** RESUMING Schematic5.cir ****
.probe


.END

**** 02/19/14 00:31:15 *********** Evaluation PSpice (Nov 1999) **************

 * C:\Users\manojg\Dropbox\EMI_Sense_Design_project\PSpice_simulations\ver1.3\Schematic5.sch


 ****     SMALL SIGNAL BIAS SOLUTION       TEMPERATURE =   27.000 DEG C


******************************************************************************



 NODE   VOLTAGE     NODE   VOLTAGE     NODE   VOLTAGE     NODE   VOLTAGE


($N_0001)    0.0000                   ($N_0002)    0.0000                       

($N_0003)    0.0000                   ($N_0004)    0.0000                   




    VOLTAGE SOURCE CURRENTS
    NAME         CURRENT

    V_V1         0.000E+00

    TOTAL POWER DISSIPATION   0.00E+00  WATTS


**** 02/19/14 00:31:15 *********** Evaluation PSpice (Nov 1999) **************

 * C:\Users\manojg\Dropbox\EMI_Sense_Design_project\PSpice_simulations\ver1.3\Schematic5.sch


 ****     OPERATING POINT INFORMATION      TEMPERATURE =   27.000 DEG C


******************************************************************************





          JOB CONCLUDED

          TOTAL JOB TIME             .02
