
**** 02/18/14 21:32:00 *********** Evaluation PSpice (Nov 1999) **************

 * C:\Users\manojg\Dropbox\EMI_Sense_Design_project\PSpice_simulations\ver1.3\Schematic2.sch


 ****     CIRCUIT DESCRIPTION


******************************************************************************




* Schematics Version 9.1 - Web Update 1
* Tue Feb 18 21:32:00 2014



** Analysis setup **
.ac LIN 101 1K 500.00K
.OP 


* From [PSPICE NETLIST] section of pspiceev.ini:
.lib "nom.lib"

.INC "Schematic2.net"

**** INCLUDING Schematic2.net ****
* Schematics Netlist *



V_V1         $N_0001 0 DC 0V AC 115V 
V_V2         0 $N_0002 DC 0V AC 115V 
C_C1         $N_0001 $N_0003  .1u  
C_C2         $N_0002 $N_0004  .1u  
R_R5         0 $N_0003  29.075  
R_R4         $N_0004 0  29.075  
C_C3         $N_0002 $N_0001  20p  
C_C4         $N_0003 0  20p  
C_C5         $N_0004 0  20p  

**** RESUMING Schematic2.cir ****
.INC "Schematic2.als"



**** INCLUDING Schematic2.als ****
* Schematics Aliases *

.ALIASES
V_V1            V1(+=$N_0001 -=0 )
V_V2            V2(+=0 -=$N_0002 )
C_C1            C1(1=$N_0001 2=$N_0003 )
C_C2            C2(1=$N_0002 2=$N_0004 )
R_R5            R5(1=0 2=$N_0003 )
R_R4            R4(1=$N_0004 2=0 )
C_C3            C3(1=$N_0002 2=$N_0001 )
C_C4            C4(1=$N_0003 2=0 )
C_C5            C5(1=$N_0004 2=0 )
.ENDALIASES


**** RESUMING Schematic2.cir ****
.probe


.END

**** 02/18/14 21:32:00 *********** Evaluation PSpice (Nov 1999) **************

 * C:\Users\manojg\Dropbox\EMI_Sense_Design_project\PSpice_simulations\ver1.3\Schematic2.sch


 ****     SMALL SIGNAL BIAS SOLUTION       TEMPERATURE =   27.000 DEG C


******************************************************************************



 NODE   VOLTAGE     NODE   VOLTAGE     NODE   VOLTAGE     NODE   VOLTAGE


($N_0001)    0.0000                   ($N_0002)    0.0000                       

($N_0003)    0.0000                   ($N_0004)    0.0000                   




    VOLTAGE SOURCE CURRENTS
    NAME         CURRENT

    V_V1         0.000E+00
    V_V2         0.000E+00

    TOTAL POWER DISSIPATION   0.00E+00  WATTS


**** 02/18/14 21:32:00 *********** Evaluation PSpice (Nov 1999) **************

 * C:\Users\manojg\Dropbox\EMI_Sense_Design_project\PSpice_simulations\ver1.3\Schematic2.sch


 ****     OPERATING POINT INFORMATION      TEMPERATURE =   27.000 DEG C


******************************************************************************





          JOB CONCLUDED

          TOTAL JOB TIME            0.00
