
**** 02/19/14 23:16:46 *********** Evaluation PSpice (Nov 1999) **************

 * C:\Users\manojg\Dropbox\EMI_Sense_Design_project\PSpice_simulations\ver1.3\Schematic6.sch


 ****     CIRCUIT DESCRIPTION


******************************************************************************




* Schematics Version 9.1 - Web Update 1
* Wed Feb 19 22:30:01 2014



** Analysis setup **
.ac LIN 100 100 1000.00K
.OP 


* From [PSPICE NETLIST] section of pspiceev.ini:
.lib "nom.lib"

.INC "Schematic6.net"

**** INCLUDING Schematic6.net ****
* Schematics Netlist *



C_C1         $N_0001 $N_0002  .1u  
R_R2         $N_0001 $N_0003  50  
V_V1         $N_0003 0 DC 0V AC 5V 
V_V2         0 $N_0004 DC 0V AC 5V 
C_C2         $N_0004 $N_0005  .1u  
R_R1         0 $N_0002  50  
R_R6         $N_0005 0  50  
R_R8         0 $N_0006  37.5  
R_R9         $N_0007 0  37.5  
R_R7         $N_0002 $N_0006  50  
R_R10         $N_0005 $N_0007  50  

**** RESUMING Schematic6.cir ****
.INC "Schematic6.als"



**** INCLUDING Schematic6.als ****
* Schematics Aliases *

.ALIASES
C_C1            C1(1=$N_0001 2=$N_0002 )
R_R2            R2(1=$N_0001 2=$N_0003 )
V_V1            V1(+=$N_0003 -=0 )
V_V2            V2(+=0 -=$N_0004 )
C_C2            C2(1=$N_0004 2=$N_0005 )
R_R1            R1(1=0 2=$N_0002 )
R_R6            R6(1=$N_0005 2=0 )
R_R8            R8(1=0 2=$N_0006 )
R_R9            R9(1=$N_0007 2=0 )
R_R7            R7(1=$N_0002 2=$N_0006 )
R_R10           R10(1=$N_0005 2=$N_0007 )
.ENDALIASES


**** RESUMING Schematic6.cir ****
.probe


.END

**** 02/19/14 23:16:46 *********** Evaluation PSpice (Nov 1999) **************

 * C:\Users\manojg\Dropbox\EMI_Sense_Design_project\PSpice_simulations\ver1.3\Schematic6.sch


 ****     SMALL SIGNAL BIAS SOLUTION       TEMPERATURE =   27.000 DEG C


******************************************************************************



 NODE   VOLTAGE     NODE   VOLTAGE     NODE   VOLTAGE     NODE   VOLTAGE


($N_0001)    0.0000                   ($N_0002)    0.0000                       

($N_0003)    0.0000                   ($N_0004)    0.0000                       

($N_0005)    0.0000                   ($N_0006)    0.0000                       

($N_0007)    0.0000                   




    VOLTAGE SOURCE CURRENTS
    NAME         CURRENT

    V_V1         0.000E+00
    V_V2         0.000E+00

    TOTAL POWER DISSIPATION   0.00E+00  WATTS


**** 02/19/14 23:16:46 *********** Evaluation PSpice (Nov 1999) **************

 * C:\Users\manojg\Dropbox\EMI_Sense_Design_project\PSpice_simulations\ver1.3\Schematic6.sch


 ****     OPERATING POINT INFORMATION      TEMPERATURE =   27.000 DEG C


******************************************************************************





          JOB CONCLUDED

          TOTAL JOB TIME             .02
