
**** 02/18/14 23:19:41 *********** Evaluation PSpice (Nov 1999) **************

 * C:\Users\manojg\Dropbox\EMI_Sense_Design_project\PSpice_simulations\ver1.3\Schematic4.sch


 ****     CIRCUIT DESCRIPTION


******************************************************************************




* Schematics Version 9.1 - Web Update 1
* Tue Feb 18 23:19:41 2014



** Analysis setup **
.ac LIN 101 1K 500.00K
.OP 


* From [PSPICE NETLIST] section of pspiceev.ini:
.lib "nom.lib"

.INC "Schematic4.net"

**** INCLUDING Schematic4.net ****
* Schematics Netlist *



C_C1         $N_0001 $N_0002  .1u  
V_V3         $N_0001 0 DC 0V AC 220V 
R_R5         0 $N_0002  29.075  

**** RESUMING Schematic4.cir ****
.INC "Schematic4.als"



**** INCLUDING Schematic4.als ****
* Schematics Aliases *

.ALIASES
C_C1            C1(1=$N_0001 2=$N_0002 )
V_V3            V3(+=$N_0001 -=0 )
R_R5            R5(1=0 2=$N_0002 )
.ENDALIASES


**** RESUMING Schematic4.cir ****
.probe


.END

**** 02/18/14 23:19:41 *********** Evaluation PSpice (Nov 1999) **************

 * C:\Users\manojg\Dropbox\EMI_Sense_Design_project\PSpice_simulations\ver1.3\Schematic4.sch


 ****     SMALL SIGNAL BIAS SOLUTION       TEMPERATURE =   27.000 DEG C


******************************************************************************



 NODE   VOLTAGE     NODE   VOLTAGE     NODE   VOLTAGE     NODE   VOLTAGE


($N_0001)    0.0000                   ($N_0002)    0.0000                   




    VOLTAGE SOURCE CURRENTS
    NAME         CURRENT

    V_V3         0.000E+00

    TOTAL POWER DISSIPATION   0.00E+00  WATTS


**** 02/18/14 23:19:41 *********** Evaluation PSpice (Nov 1999) **************

 * C:\Users\manojg\Dropbox\EMI_Sense_Design_project\PSpice_simulations\ver1.3\Schematic4.sch


 ****     OPERATING POINT INFORMATION      TEMPERATURE =   27.000 DEG C


******************************************************************************





          JOB CONCLUDED

          TOTAL JOB TIME            0.00
